d:\vs2022\project7\project7\x64\debug\vc143.pdb
d:\vs2022\project7\project7\x64\debug\vc143.idb
d:\vs2022\project7\project7\x64\debug\tourism.obj
d:\vs2022\project7\project7\x64\debug\main.obj
d:\vs2022\project7\project7\x64\debug\graph.obj
d:\vs2022\project7\project7\x64\debug\graphcpro.ilk
d:\vs2022\project7\x64\debug\graphcpro.pdb
d:\vs2022\project7\project7\x64\debug\graphcpro.tlog\cl.command.1.tlog
d:\vs2022\project7\project7\x64\debug\graphcpro.tlog\cl.items.tlog
d:\vs2022\project7\project7\x64\debug\graphcpro.tlog\cl.read.1.tlog
d:\vs2022\project7\project7\x64\debug\graphcpro.tlog\cl.write.1.tlog
d:\vs2022\project7\project7\x64\debug\graphcpro.tlog\link.19512-cvtres.read.1.tlog
d:\vs2022\project7\project7\x64\debug\graphcpro.tlog\link.19512-cvtres.write.1.tlog
d:\vs2022\project7\project7\x64\debug\graphcpro.tlog\link.19512-rc.read.1.tlog
d:\vs2022\project7\project7\x64\debug\graphcpro.tlog\link.19512-rc.write.1.tlog
d:\vs2022\project7\project7\x64\debug\graphcpro.tlog\link.19512.read.1.tlog
d:\vs2022\project7\project7\x64\debug\graphcpro.tlog\link.19512.read.2.tlog
d:\vs2022\project7\project7\x64\debug\graphcpro.tlog\link.19512.read.3.tlog
d:\vs2022\project7\project7\x64\debug\graphcpro.tlog\link.19512.read.5.tlog
d:\vs2022\project7\project7\x64\debug\graphcpro.tlog\link.19512.write.1.tlog
d:\vs2022\project7\project7\x64\debug\graphcpro.tlog\link.command.1.tlog
d:\vs2022\project7\project7\x64\debug\graphcpro.tlog\link.read.1.tlog
d:\vs2022\project7\project7\x64\debug\graphcpro.tlog\link.secondary.1.tlog
d:\vs2022\project7\project7\x64\debug\graphcpro.tlog\link.write.1.tlog
